Determining if the pthread_create exist failed with the following output:
Change Dir: /home/rafael/PFP_Ghowth/cmake-build-debug/CMakeFiles/CMakeTmp

Run Build Command:"/usr/bin/make" "cmTC_6e6b2/fast"
/usr/bin/make -f CMakeFiles/cmTC_6e6b2.dir/build.make CMakeFiles/cmTC_6e6b2.dir/build
make[1]: Entering directory '/home/rafael/PFP_Ghowth/cmake-build-debug/CMakeFiles/CMakeTmp'
Building CXX object CMakeFiles/cmTC_6e6b2.dir/CheckSymbolExists.cxx.o
/usr/bin/g++-7     -o CMakeFiles/cmTC_6e6b2.dir/CheckSymbolExists.cxx.o -c /home/rafael/PFP_Ghowth/cmake-build-debug/CMakeFiles/CMakeTmp/CheckSymbolExists.cxx
Linking CXX executable cmTC_6e6b2
/opt/clion-2018.1.1/bin/cmake/bin/cmake -E cmake_link_script CMakeFiles/cmTC_6e6b2.dir/link.txt --verbose=1
/usr/bin/g++-7       CMakeFiles/cmTC_6e6b2.dir/CheckSymbolExists.cxx.o  -o cmTC_6e6b2 
/usr/bin/ld: CMakeFiles/cmTC_6e6b2.dir/CheckSymbolExists.cxx.o: na função "main":
CheckSymbolExists.cxx:(.text+0x1b): referência não definida para "pthread_create"
collect2: error: ld returned 1 exit status
make[1]: *** [CMakeFiles/cmTC_6e6b2.dir/build.make:98: cmTC_6e6b2] Error 1
make[1]: Leaving directory '/home/rafael/PFP_Ghowth/cmake-build-debug/CMakeFiles/CMakeTmp'
make: *** [Makefile:126: cmTC_6e6b2/fast] Error 2

File /home/rafael/PFP_Ghowth/cmake-build-debug/CMakeFiles/CMakeTmp/CheckSymbolExists.cxx:
/* */
#include <pthread.h>

int main(int argc, char** argv)
{
  (void)argv;
#ifndef pthread_create
  return ((int*)(&pthread_create))[argc];
#else
  (void)argc;
  return 0;
#endif
}

Determining if the function pthread_create exists in the pthreads failed with the following output:
Change Dir: /home/rafael/PFP_Ghowth/cmake-build-debug/CMakeFiles/CMakeTmp

Run Build Command:"/usr/bin/make" "cmTC_65b24/fast"
/usr/bin/make -f CMakeFiles/cmTC_65b24.dir/build.make CMakeFiles/cmTC_65b24.dir/build
make[1]: Entering directory '/home/rafael/PFP_Ghowth/cmake-build-debug/CMakeFiles/CMakeTmp'
Building CXX object CMakeFiles/cmTC_65b24.dir/CheckFunctionExists.cxx.o
/usr/bin/g++-7    -DCHECK_FUNCTION_EXISTS=pthread_create   -o CMakeFiles/cmTC_65b24.dir/CheckFunctionExists.cxx.o -c /home/rafael/PFP_Ghowth/cmake-build-debug/CMakeFiles/CheckLibraryExists/CheckFunctionExists.cxx
Linking CXX executable cmTC_65b24
/opt/clion-2018.1.1/bin/cmake/bin/cmake -E cmake_link_script CMakeFiles/cmTC_65b24.dir/link.txt --verbose=1
/usr/bin/g++-7   -DCHECK_FUNCTION_EXISTS=pthread_create    CMakeFiles/cmTC_65b24.dir/CheckFunctionExists.cxx.o  -o cmTC_65b24 -lpthreads 
/usr/bin/ld: não foi possível localizar -lpthreads
collect2: error: ld returned 1 exit status
make[1]: *** [CMakeFiles/cmTC_65b24.dir/build.make:98: cmTC_65b24] Error 1
make[1]: Leaving directory '/home/rafael/PFP_Ghowth/cmake-build-debug/CMakeFiles/CMakeTmp'
make: *** [Makefile:126: cmTC_65b24/fast] Error 2


